C:\Users\אמיר\Desktop\Homework_JB\X_O_Project_1.4\X_O_Project_1.4\app.js
C:\Users\אמיר\Desktop\Homework_JB\X_O_Project_1.4\X_O_Project_1.4\app.js.map
C:\Users\אמיר\Desktop\Homework_JB\X_O_Project_1.4\X_O_Project_1.4\computer.js
C:\Users\אמיר\Desktop\Homework_JB\X_O_Project_1.4\X_O_Project_1.4\computer.js.map
C:\Users\אמיר\Desktop\Homework_JB\X_O_Project_1.4\X_O_Project_1.4\game.js
C:\Users\אמיר\Desktop\Homework_JB\X_O_Project_1.4\X_O_Project_1.4\game.js.map
C:\Users\אמיר\Desktop\Homework_JB\X_O_Project_1.4\X_O_Project_1.4\user.js
C:\Users\אמיר\Desktop\Homework_JB\X_O_Project_1.4\X_O_Project_1.4\user.js.map
C:\Users\אמיר\Desktop\Homework_JB\X_O_Project_1.4\X_O_Project_1.4\app.js
C:\Users\אמיר\Desktop\Homework_JB\X_O_Project_1.4\X_O_Project_1.4\app.js.map
C:\Users\אמיר\Desktop\Homework_JB\X_O_Project_1.4\X_O_Project_1.4\computer.js
C:\Users\אמיר\Desktop\Homework_JB\X_O_Project_1.4\X_O_Project_1.4\computer.js.map
C:\Users\אמיר\Desktop\Homework_JB\X_O_Project_1.4\X_O_Project_1.4\game.js
C:\Users\אמיר\Desktop\Homework_JB\X_O_Project_1.4\X_O_Project_1.4\game.js.map
C:\Users\אמיר\Desktop\Homework_JB\X_O_Project_1.4\X_O_Project_1.4\user.js
C:\Users\אמיר\Desktop\Homework_JB\X_O_Project_1.4\X_O_Project_1.4\user.js.map
C:\Users\אמיר\Desktop\Homework_JB\X_O_Project_1.4\X_O_Project_1.4\app.js
C:\Users\אמיר\Desktop\Homework_JB\X_O_Project_1.4\X_O_Project_1.4\app.js.map
C:\Users\אמיר\Desktop\Homework_JB\X_O_Project_1.4\X_O_Project_1.4\computer.js
C:\Users\אמיר\Desktop\Homework_JB\X_O_Project_1.4\X_O_Project_1.4\computer.js.map
C:\Users\אמיר\Desktop\Homework_JB\X_O_Project_1.4\X_O_Project_1.4\game.js
C:\Users\אמיר\Desktop\Homework_JB\X_O_Project_1.4\X_O_Project_1.4\game.js.map
C:\Users\אמיר\Desktop\Homework_JB\X_O_Project_1.4\X_O_Project_1.4\user.js
C:\Users\אמיר\Desktop\Homework_JB\X_O_Project_1.4\X_O_Project_1.4\user.js.map
C:\Users\אמיר\Desktop\Homework_JB\X_O_Project_1.4\X_O_Project_1.4\app.js
C:\Users\אמיר\Desktop\Homework_JB\X_O_Project_1.4\X_O_Project_1.4\app.js.map
C:\Users\אמיר\Desktop\Homework_JB\X_O_Project_1.4\X_O_Project_1.4\computer.js
C:\Users\אמיר\Desktop\Homework_JB\X_O_Project_1.4\X_O_Project_1.4\computer.js.map
C:\Users\אמיר\Desktop\Homework_JB\X_O_Project_1.4\X_O_Project_1.4\game.js
C:\Users\אמיר\Desktop\Homework_JB\X_O_Project_1.4\X_O_Project_1.4\game.js.map
C:\Users\אמיר\Desktop\Homework_JB\X_O_Project_1.4\X_O_Project_1.4\user.js
C:\Users\אמיר\Desktop\Homework_JB\X_O_Project_1.4\X_O_Project_1.4\user.js.map
C:\Users\אמיר\Desktop\Homework_JB\X_O_Project_1.4\X_O_Project_1.4\app.js
C:\Users\אמיר\Desktop\Homework_JB\X_O_Project_1.4\X_O_Project_1.4\app.js.map
C:\Users\אמיר\Desktop\Homework_JB\X_O_Project_1.4\X_O_Project_1.4\computer.js
C:\Users\אמיר\Desktop\Homework_JB\X_O_Project_1.4\X_O_Project_1.4\computer.js.map
C:\Users\אמיר\Desktop\Homework_JB\X_O_Project_1.4\X_O_Project_1.4\game.js
C:\Users\אמיר\Desktop\Homework_JB\X_O_Project_1.4\X_O_Project_1.4\game.js.map
C:\Users\אמיר\Desktop\Homework_JB\X_O_Project_1.4\X_O_Project_1.4\user.js
C:\Users\אמיר\Desktop\Homework_JB\X_O_Project_1.4\X_O_Project_1.4\user.js.map
C:\Users\אמיר\Desktop\Homework_JB\X_O_Project_1.4\X_O_Project_1.4\app.js
C:\Users\אמיר\Desktop\Homework_JB\X_O_Project_1.4\X_O_Project_1.4\app.js.map
C:\Users\אמיר\Desktop\Homework_JB\X_O_Project_1.4\X_O_Project_1.4\computer.js
C:\Users\אמיר\Desktop\Homework_JB\X_O_Project_1.4\X_O_Project_1.4\computer.js.map
C:\Users\אמיר\Desktop\Homework_JB\X_O_Project_1.4\X_O_Project_1.4\game.js
C:\Users\אמיר\Desktop\Homework_JB\X_O_Project_1.4\X_O_Project_1.4\game.js.map
C:\Users\אמיר\Desktop\Homework_JB\X_O_Project_1.4\X_O_Project_1.4\user.js
C:\Users\אמיר\Desktop\Homework_JB\X_O_Project_1.4\X_O_Project_1.4\user.js.map
C:\Users\אמיר\Desktop\Homework_JB\X_O_Project_1.4\X_O_Project_1.4\app.js
C:\Users\אמיר\Desktop\Homework_JB\X_O_Project_1.4\X_O_Project_1.4\app.js.map
C:\Users\אמיר\Desktop\Homework_JB\X_O_Project_1.4\X_O_Project_1.4\computer.js
C:\Users\אמיר\Desktop\Homework_JB\X_O_Project_1.4\X_O_Project_1.4\computer.js.map
C:\Users\אמיר\Desktop\Homework_JB\X_O_Project_1.4\X_O_Project_1.4\game.js
C:\Users\אמיר\Desktop\Homework_JB\X_O_Project_1.4\X_O_Project_1.4\game.js.map
C:\Users\אמיר\Desktop\Homework_JB\X_O_Project_1.4\X_O_Project_1.4\user.js
C:\Users\אמיר\Desktop\Homework_JB\X_O_Project_1.4\X_O_Project_1.4\user.js.map
C:\Users\אמיר\Desktop\Homework_JB\X_O_Project_1.4\X_O_Project_1.4\app.js
C:\Users\אמיר\Desktop\Homework_JB\X_O_Project_1.4\X_O_Project_1.4\app.js.map
C:\Users\אמיר\Desktop\Homework_JB\X_O_Project_1.4\X_O_Project_1.4\computer.js
C:\Users\אמיר\Desktop\Homework_JB\X_O_Project_1.4\X_O_Project_1.4\computer.js.map
C:\Users\אמיר\Desktop\Homework_JB\X_O_Project_1.4\X_O_Project_1.4\game.js
C:\Users\אמיר\Desktop\Homework_JB\X_O_Project_1.4\X_O_Project_1.4\game.js.map
C:\Users\אמיר\Desktop\Homework_JB\X_O_Project_1.4\X_O_Project_1.4\user.js
C:\Users\אמיר\Desktop\Homework_JB\X_O_Project_1.4\X_O_Project_1.4\user.js.map
C:\Users\אמיר\Desktop\Homework_JB\X_O_Project_1.4\X_O_Project_1.4\app.js
C:\Users\אמיר\Desktop\Homework_JB\X_O_Project_1.4\X_O_Project_1.4\app.js.map
C:\Users\אמיר\Desktop\Homework_JB\X_O_Project_1.4\X_O_Project_1.4\computer.js
C:\Users\אמיר\Desktop\Homework_JB\X_O_Project_1.4\X_O_Project_1.4\computer.js.map
C:\Users\אמיר\Desktop\Homework_JB\X_O_Project_1.4\X_O_Project_1.4\game.js
C:\Users\אמיר\Desktop\Homework_JB\X_O_Project_1.4\X_O_Project_1.4\game.js.map
C:\Users\אמיר\Desktop\Homework_JB\X_O_Project_1.4\X_O_Project_1.4\user.js
C:\Users\אמיר\Desktop\Homework_JB\X_O_Project_1.4\X_O_Project_1.4\user.js.map
C:\Users\אמיר\Desktop\Homework_JB\X_O_Project_1.4\X_O_Project_1.4\app.js
C:\Users\אמיר\Desktop\Homework_JB\X_O_Project_1.4\X_O_Project_1.4\app.js.map
C:\Users\אמיר\Desktop\Homework_JB\X_O_Project_1.4\X_O_Project_1.4\computer.js
C:\Users\אמיר\Desktop\Homework_JB\X_O_Project_1.4\X_O_Project_1.4\computer.js.map
C:\Users\אמיר\Desktop\Homework_JB\X_O_Project_1.4\X_O_Project_1.4\game.js
C:\Users\אמיר\Desktop\Homework_JB\X_O_Project_1.4\X_O_Project_1.4\game.js.map
C:\Users\אמיר\Desktop\Homework_JB\X_O_Project_1.4\X_O_Project_1.4\user.js
C:\Users\אמיר\Desktop\Homework_JB\X_O_Project_1.4\X_O_Project_1.4\user.js.map
C:\Users\אמיר\Desktop\Homework_JB\X_O_Project_1.4\X_O_Project_1.4\app.js
C:\Users\אמיר\Desktop\Homework_JB\X_O_Project_1.4\X_O_Project_1.4\app.js.map
C:\Users\אמיר\Desktop\Homework_JB\X_O_Project_1.4\X_O_Project_1.4\computer.js
C:\Users\אמיר\Desktop\Homework_JB\X_O_Project_1.4\X_O_Project_1.4\computer.js.map
C:\Users\אמיר\Desktop\Homework_JB\X_O_Project_1.4\X_O_Project_1.4\game.js
C:\Users\אמיר\Desktop\Homework_JB\X_O_Project_1.4\X_O_Project_1.4\game.js.map
C:\Users\אמיר\Desktop\Homework_JB\X_O_Project_1.4\X_O_Project_1.4\user.js
C:\Users\אמיר\Desktop\Homework_JB\X_O_Project_1.4\X_O_Project_1.4\user.js.map
C:\Users\אמיר\Desktop\Homework_JB\X_O_Project_1.4\X_O_Project_1.4\app.js
C:\Users\אמיר\Desktop\Homework_JB\X_O_Project_1.4\X_O_Project_1.4\app.js.map
C:\Users\אמיר\Desktop\Homework_JB\X_O_Project_1.4\X_O_Project_1.4\computer.js
C:\Users\אמיר\Desktop\Homework_JB\X_O_Project_1.4\X_O_Project_1.4\computer.js.map
C:\Users\אמיר\Desktop\Homework_JB\X_O_Project_1.4\X_O_Project_1.4\game.js
C:\Users\אמיר\Desktop\Homework_JB\X_O_Project_1.4\X_O_Project_1.4\game.js.map
C:\Users\אמיר\Desktop\Homework_JB\X_O_Project_1.4\X_O_Project_1.4\user.js
C:\Users\אמיר\Desktop\Homework_JB\X_O_Project_1.4\X_O_Project_1.4\user.js.map
C:\Users\אמיר\Desktop\Homework_JB\X_O_Project_1.4\X_O_Project_1.4\app.js
C:\Users\אמיר\Desktop\Homework_JB\X_O_Project_1.4\X_O_Project_1.4\app.js.map
C:\Users\אמיר\Desktop\Homework_JB\X_O_Project_1.4\X_O_Project_1.4\computer.js
C:\Users\אמיר\Desktop\Homework_JB\X_O_Project_1.4\X_O_Project_1.4\computer.js.map
C:\Users\אמיר\Desktop\Homework_JB\X_O_Project_1.4\X_O_Project_1.4\game.js
C:\Users\אמיר\Desktop\Homework_JB\X_O_Project_1.4\X_O_Project_1.4\game.js.map
C:\Users\אמיר\Desktop\Homework_JB\X_O_Project_1.4\X_O_Project_1.4\user.js
C:\Users\אמיר\Desktop\Homework_JB\X_O_Project_1.4\X_O_Project_1.4\user.js.map
C:\Users\אמיר\Desktop\Homework_JB\X_O_Project_1.4\X_O_Project_1.4\app.js
C:\Users\אמיר\Desktop\Homework_JB\X_O_Project_1.4\X_O_Project_1.4\app.js.map
C:\Users\אמיר\Desktop\Homework_JB\X_O_Project_1.4\X_O_Project_1.4\computer.js
C:\Users\אמיר\Desktop\Homework_JB\X_O_Project_1.4\X_O_Project_1.4\computer.js.map
C:\Users\אמיר\Desktop\Homework_JB\X_O_Project_1.4\X_O_Project_1.4\game.js
C:\Users\אמיר\Desktop\Homework_JB\X_O_Project_1.4\X_O_Project_1.4\game.js.map
C:\Users\אמיר\Desktop\Homework_JB\X_O_Project_1.4\X_O_Project_1.4\user.js
C:\Users\אמיר\Desktop\Homework_JB\X_O_Project_1.4\X_O_Project_1.4\user.js.map
C:\Users\אמיר\Desktop\Homework_JB\X_O_Project_1.4\X_O_Project_1.4\app.js
C:\Users\אמיר\Desktop\Homework_JB\X_O_Project_1.4\X_O_Project_1.4\app.js.map
C:\Users\אמיר\Desktop\Homework_JB\X_O_Project_1.4\X_O_Project_1.4\computer.js
C:\Users\אמיר\Desktop\Homework_JB\X_O_Project_1.4\X_O_Project_1.4\computer.js.map
C:\Users\אמיר\Desktop\Homework_JB\X_O_Project_1.4\X_O_Project_1.4\game.js
C:\Users\אמיר\Desktop\Homework_JB\X_O_Project_1.4\X_O_Project_1.4\game.js.map
C:\Users\אמיר\Desktop\Homework_JB\X_O_Project_1.4\X_O_Project_1.4\user.js
C:\Users\אמיר\Desktop\Homework_JB\X_O_Project_1.4\X_O_Project_1.4\user.js.map
C:\Users\אמיר\Desktop\Homework_JB\X_O_Project_1.4\X_O_Project_1.4\app.js
C:\Users\אמיר\Desktop\Homework_JB\X_O_Project_1.4\X_O_Project_1.4\app.js.map
C:\Users\אמיר\Desktop\Homework_JB\X_O_Project_1.4\X_O_Project_1.4\computer.js
C:\Users\אמיר\Desktop\Homework_JB\X_O_Project_1.4\X_O_Project_1.4\computer.js.map
C:\Users\אמיר\Desktop\Homework_JB\X_O_Project_1.4\X_O_Project_1.4\game.js
C:\Users\אמיר\Desktop\Homework_JB\X_O_Project_1.4\X_O_Project_1.4\game.js.map
C:\Users\אמיר\Desktop\Homework_JB\X_O_Project_1.4\X_O_Project_1.4\user.js
C:\Users\אמיר\Desktop\Homework_JB\X_O_Project_1.4\X_O_Project_1.4\user.js.map
C:\Users\אמיר\Desktop\Homework_JB\X_O_Project_1.4\X_O_Project_1.4\app.js
C:\Users\אמיר\Desktop\Homework_JB\X_O_Project_1.4\X_O_Project_1.4\app.js.map
C:\Users\אמיר\Desktop\Homework_JB\X_O_Project_1.4\X_O_Project_1.4\computer.js
C:\Users\אמיר\Desktop\Homework_JB\X_O_Project_1.4\X_O_Project_1.4\computer.js.map
C:\Users\אמיר\Desktop\Homework_JB\X_O_Project_1.4\X_O_Project_1.4\game.js
C:\Users\אמיר\Desktop\Homework_JB\X_O_Project_1.4\X_O_Project_1.4\game.js.map
C:\Users\אמיר\Desktop\Homework_JB\X_O_Project_1.4\X_O_Project_1.4\user.js
C:\Users\אמיר\Desktop\Homework_JB\X_O_Project_1.4\X_O_Project_1.4\user.js.map
C:\Users\אמיר\Desktop\Homework_JB\X_O_Project_1.4\X_O_Project_1.4\app.js
C:\Users\אמיר\Desktop\Homework_JB\X_O_Project_1.4\X_O_Project_1.4\app.js.map
C:\Users\אמיר\Desktop\Homework_JB\X_O_Project_1.4\X_O_Project_1.4\computer.js
C:\Users\אמיר\Desktop\Homework_JB\X_O_Project_1.4\X_O_Project_1.4\computer.js.map
C:\Users\אמיר\Desktop\Homework_JB\X_O_Project_1.4\X_O_Project_1.4\game.js
C:\Users\אמיר\Desktop\Homework_JB\X_O_Project_1.4\X_O_Project_1.4\game.js.map
C:\Users\אמיר\Desktop\Homework_JB\X_O_Project_1.4\X_O_Project_1.4\user.js
C:\Users\אמיר\Desktop\Homework_JB\X_O_Project_1.4\X_O_Project_1.4\user.js.map
C:\Users\אמיר\Desktop\Homework_JB\X_O_Project_1.4\X_O_Project_1.4\app.js
C:\Users\אמיר\Desktop\Homework_JB\X_O_Project_1.4\X_O_Project_1.4\app.js.map
C:\Users\אמיר\Desktop\Homework_JB\X_O_Project_1.4\X_O_Project_1.4\computer.js
C:\Users\אמיר\Desktop\Homework_JB\X_O_Project_1.4\X_O_Project_1.4\computer.js.map
C:\Users\אמיר\Desktop\Homework_JB\X_O_Project_1.4\X_O_Project_1.4\game.js
C:\Users\אמיר\Desktop\Homework_JB\X_O_Project_1.4\X_O_Project_1.4\game.js.map
C:\Users\אמיר\Desktop\Homework_JB\X_O_Project_1.4\X_O_Project_1.4\user.js
C:\Users\אמיר\Desktop\Homework_JB\X_O_Project_1.4\X_O_Project_1.4\user.js.map
C:\Users\אמיר\Desktop\Homework_JB\X_O_Project_1.4\X_O_Project_1.4\app.js
C:\Users\אמיר\Desktop\Homework_JB\X_O_Project_1.4\X_O_Project_1.4\app.js.map
C:\Users\אמיר\Desktop\Homework_JB\X_O_Project_1.4\X_O_Project_1.4\computer.js
C:\Users\אמיר\Desktop\Homework_JB\X_O_Project_1.4\X_O_Project_1.4\computer.js.map
C:\Users\אמיר\Desktop\Homework_JB\X_O_Project_1.4\X_O_Project_1.4\game.js
C:\Users\אמיר\Desktop\Homework_JB\X_O_Project_1.4\X_O_Project_1.4\game.js.map
C:\Users\אמיר\Desktop\Homework_JB\X_O_Project_1.4\X_O_Project_1.4\user.js
C:\Users\אמיר\Desktop\Homework_JB\X_O_Project_1.4\X_O_Project_1.4\user.js.map
C:\Users\אמיר\Desktop\Homework_JB\X_O_Project_1.4\X_O_Project_1.4\app.js
C:\Users\אמיר\Desktop\Homework_JB\X_O_Project_1.4\X_O_Project_1.4\app.js.map
C:\Users\אמיר\Desktop\Homework_JB\X_O_Project_1.4\X_O_Project_1.4\computer.js
C:\Users\אמיר\Desktop\Homework_JB\X_O_Project_1.4\X_O_Project_1.4\computer.js.map
C:\Users\אמיר\Desktop\Homework_JB\X_O_Project_1.4\X_O_Project_1.4\game.js
C:\Users\אמיר\Desktop\Homework_JB\X_O_Project_1.4\X_O_Project_1.4\game.js.map
C:\Users\אמיר\Desktop\Homework_JB\X_O_Project_1.4\X_O_Project_1.4\user.js
C:\Users\אמיר\Desktop\Homework_JB\X_O_Project_1.4\X_O_Project_1.4\user.js.map
C:\Users\אמיר\Desktop\Homework_JB\X_O_Project_1.4\X_O_Project_1.4\app.js
C:\Users\אמיר\Desktop\Homework_JB\X_O_Project_1.4\X_O_Project_1.4\app.js.map
C:\Users\אמיר\Desktop\Homework_JB\X_O_Project_1.4\X_O_Project_1.4\computer.js
C:\Users\אמיר\Desktop\Homework_JB\X_O_Project_1.4\X_O_Project_1.4\computer.js.map
C:\Users\אמיר\Desktop\Homework_JB\X_O_Project_1.4\X_O_Project_1.4\game.js
C:\Users\אמיר\Desktop\Homework_JB\X_O_Project_1.4\X_O_Project_1.4\game.js.map
C:\Users\אמיר\Desktop\Homework_JB\X_O_Project_1.4\X_O_Project_1.4\user.js
C:\Users\אמיר\Desktop\Homework_JB\X_O_Project_1.4\X_O_Project_1.4\user.js.map
C:\Users\אמיר\Desktop\Homework_JB\X_O_Project_1.4\X_O_Project_1.4\app.js
C:\Users\אמיר\Desktop\Homework_JB\X_O_Project_1.4\X_O_Project_1.4\app.js.map
C:\Users\אמיר\Desktop\Homework_JB\X_O_Project_1.4\X_O_Project_1.4\computer.js
C:\Users\אמיר\Desktop\Homework_JB\X_O_Project_1.4\X_O_Project_1.4\computer.js.map
C:\Users\אמיר\Desktop\Homework_JB\X_O_Project_1.4\X_O_Project_1.4\game.js
C:\Users\אמיר\Desktop\Homework_JB\X_O_Project_1.4\X_O_Project_1.4\game.js.map
C:\Users\אמיר\Desktop\Homework_JB\X_O_Project_1.4\X_O_Project_1.4\user.js
C:\Users\אמיר\Desktop\Homework_JB\X_O_Project_1.4\X_O_Project_1.4\user.js.map
C:\Users\אמיר\Desktop\Homework_JB\X_O_Project_1.4\X_O_Project_1.4\app.js
C:\Users\אמיר\Desktop\Homework_JB\X_O_Project_1.4\X_O_Project_1.4\app.js.map
C:\Users\אמיר\Desktop\Homework_JB\X_O_Project_1.4\X_O_Project_1.4\computer.js
C:\Users\אמיר\Desktop\Homework_JB\X_O_Project_1.4\X_O_Project_1.4\computer.js.map
C:\Users\אמיר\Desktop\Homework_JB\X_O_Project_1.4\X_O_Project_1.4\game.js
C:\Users\אמיר\Desktop\Homework_JB\X_O_Project_1.4\X_O_Project_1.4\game.js.map
C:\Users\אמיר\Desktop\Homework_JB\X_O_Project_1.4\X_O_Project_1.4\user.js
C:\Users\אמיר\Desktop\Homework_JB\X_O_Project_1.4\X_O_Project_1.4\user.js.map
C:\Users\אמיר\Desktop\Homework_JB\X_O_Project_1.4\X_O_Project_1.4\app.js
C:\Users\אמיר\Desktop\Homework_JB\X_O_Project_1.4\X_O_Project_1.4\app.js.map
C:\Users\אמיר\Desktop\Homework_JB\X_O_Project_1.4\X_O_Project_1.4\computer.js
C:\Users\אמיר\Desktop\Homework_JB\X_O_Project_1.4\X_O_Project_1.4\computer.js.map
C:\Users\אמיר\Desktop\Homework_JB\X_O_Project_1.4\X_O_Project_1.4\game.js
C:\Users\אמיר\Desktop\Homework_JB\X_O_Project_1.4\X_O_Project_1.4\game.js.map
C:\Users\אמיר\Desktop\Homework_JB\X_O_Project_1.4\X_O_Project_1.4\user.js
C:\Users\אמיר\Desktop\Homework_JB\X_O_Project_1.4\X_O_Project_1.4\user.js.map
C:\Users\אמיר\Desktop\Homework_JB\X_O_Project_1.4\X_O_Project_1.4\app.js
C:\Users\אמיר\Desktop\Homework_JB\X_O_Project_1.4\X_O_Project_1.4\app.js.map
C:\Users\אמיר\Desktop\Homework_JB\X_O_Project_1.4\X_O_Project_1.4\computer.js
C:\Users\אמיר\Desktop\Homework_JB\X_O_Project_1.4\X_O_Project_1.4\computer.js.map
C:\Users\אמיר\Desktop\Homework_JB\X_O_Project_1.4\X_O_Project_1.4\game.js
C:\Users\אמיר\Desktop\Homework_JB\X_O_Project_1.4\X_O_Project_1.4\game.js.map
C:\Users\אמיר\Desktop\Homework_JB\X_O_Project_1.4\X_O_Project_1.4\user.js
C:\Users\אמיר\Desktop\Homework_JB\X_O_Project_1.4\X_O_Project_1.4\user.js.map
C:\Users\אמיר\Desktop\Homework_JB\X_O_Project_1.4\X_O_Project_1.4\app.js
C:\Users\אמיר\Desktop\Homework_JB\X_O_Project_1.4\X_O_Project_1.4\app.js.map
C:\Users\אמיר\Desktop\Homework_JB\X_O_Project_1.4\X_O_Project_1.4\computer.js
C:\Users\אמיר\Desktop\Homework_JB\X_O_Project_1.4\X_O_Project_1.4\computer.js.map
C:\Users\אמיר\Desktop\Homework_JB\X_O_Project_1.4\X_O_Project_1.4\game.js
C:\Users\אמיר\Desktop\Homework_JB\X_O_Project_1.4\X_O_Project_1.4\game.js.map
C:\Users\אמיר\Desktop\Homework_JB\X_O_Project_1.4\X_O_Project_1.4\user.js
C:\Users\אמיר\Desktop\Homework_JB\X_O_Project_1.4\X_O_Project_1.4\user.js.map
