C:\Users\אמיר\Desktop\Homework_JB\X_O_Progect_1.2\X_O_Progect_1.2\app.js
C:\Users\אמיר\Desktop\Homework_JB\X_O_Progect_1.2\X_O_Progect_1.2\app.js.map
C:\Users\אמיר\Desktop\Homework_JB\X_O_Progect_1.2\X_O_Progect_1.2\app.js
C:\Users\אמיר\Desktop\Homework_JB\X_O_Progect_1.2\X_O_Progect_1.2\app.js.map
C:\Users\אמיר\Desktop\Homework_JB\X_O_Progect_1.2\X_O_Progect_1.2\app.js
C:\Users\אמיר\Desktop\Homework_JB\X_O_Progect_1.2\X_O_Progect_1.2\app.js.map
C:\Users\אמיר\Desktop\Homework_JB\X_O_Progect_1.2\X_O_Progect_1.2\computer.js
C:\Users\אמיר\Desktop\Homework_JB\X_O_Progect_1.2\X_O_Progect_1.2\computer.js.map
C:\Users\אמיר\Desktop\Homework_JB\X_O_Progect_1.2\X_O_Progect_1.2\game.js
C:\Users\אמיר\Desktop\Homework_JB\X_O_Progect_1.2\X_O_Progect_1.2\game.js.map
C:\Users\אמיר\Desktop\Homework_JB\X_O_Progect_1.2\X_O_Progect_1.2\user.js
C:\Users\אמיר\Desktop\Homework_JB\X_O_Progect_1.2\X_O_Progect_1.2\user.js.map
C:\Users\אמיר\Desktop\Homework_JB\X_O_Progect_1.2\X_O_Progect_1.2\app.js
C:\Users\אמיר\Desktop\Homework_JB\X_O_Progect_1.2\X_O_Progect_1.2\app.js.map
C:\Users\אמיר\Desktop\Homework_JB\X_O_Progect_1.2\X_O_Progect_1.2\computer.js
C:\Users\אמיר\Desktop\Homework_JB\X_O_Progect_1.2\X_O_Progect_1.2\computer.js.map
C:\Users\אמיר\Desktop\Homework_JB\X_O_Progect_1.2\X_O_Progect_1.2\game.js
C:\Users\אמיר\Desktop\Homework_JB\X_O_Progect_1.2\X_O_Progect_1.2\game.js.map
C:\Users\אמיר\Desktop\Homework_JB\X_O_Progect_1.2\X_O_Progect_1.2\user.js
C:\Users\אמיר\Desktop\Homework_JB\X_O_Progect_1.2\X_O_Progect_1.2\user.js.map
C:\Users\אמיר\Desktop\Homework_JB\X_O_Progect_1.2\X_O_Progect_1.2\app.js
C:\Users\אמיר\Desktop\Homework_JB\X_O_Progect_1.2\X_O_Progect_1.2\app.js.map
C:\Users\אמיר\Desktop\Homework_JB\X_O_Progect_1.2\X_O_Progect_1.2\computer.js
C:\Users\אמיר\Desktop\Homework_JB\X_O_Progect_1.2\X_O_Progect_1.2\computer.js.map
C:\Users\אמיר\Desktop\Homework_JB\X_O_Progect_1.2\X_O_Progect_1.2\game.js
C:\Users\אמיר\Desktop\Homework_JB\X_O_Progect_1.2\X_O_Progect_1.2\game.js.map
C:\Users\אמיר\Desktop\Homework_JB\X_O_Progect_1.2\X_O_Progect_1.2\user.js
C:\Users\אמיר\Desktop\Homework_JB\X_O_Progect_1.2\X_O_Progect_1.2\user.js.map
