C:\Users\אמיר\Desktop\Homework_JB\30_01_18\30_01_18\app.js
C:\Users\אמיר\Desktop\Homework_JB\30_01_18\30_01_18\app.js.map
C:\Users\אמיר\Desktop\Homework_JB\30_01_18\30_01_18\bird.js
C:\Users\אמיר\Desktop\Homework_JB\30_01_18\30_01_18\bird.js.map
C:\Users\אמיר\Desktop\Homework_JB\30_01_18\30_01_18\iFly.js
C:\Users\אמיר\Desktop\Homework_JB\30_01_18\30_01_18\iFly.js.map
C:\Users\אמיר\Desktop\Homework_JB\30_01_18\30_01_18\kite.js
C:\Users\אמיר\Desktop\Homework_JB\30_01_18\30_01_18\kite.js.map
C:\Users\אמיר\Desktop\Homework_JB\30_01_18\30_01_18\plane.js
C:\Users\אמיר\Desktop\Homework_JB\30_01_18\30_01_18\plane.js.map
C:\Users\אמיר\Desktop\Homework_JB\30_01_18\30_01_18\app.js
C:\Users\אמיר\Desktop\Homework_JB\30_01_18\30_01_18\app.js.map
C:\Users\אמיר\Desktop\Homework_JB\30_01_18\30_01_18\bird.js
C:\Users\אמיר\Desktop\Homework_JB\30_01_18\30_01_18\bird.js.map
C:\Users\אמיר\Desktop\Homework_JB\30_01_18\30_01_18\iFly.js
C:\Users\אמיר\Desktop\Homework_JB\30_01_18\30_01_18\iFly.js.map
C:\Users\אמיר\Desktop\Homework_JB\30_01_18\30_01_18\kite.js
C:\Users\אמיר\Desktop\Homework_JB\30_01_18\30_01_18\kite.js.map
C:\Users\אמיר\Desktop\Homework_JB\30_01_18\30_01_18\plane.js
C:\Users\אמיר\Desktop\Homework_JB\30_01_18\30_01_18\plane.js.map
C:\Users\אמיר\Desktop\Homework_JB\30_01_18\30_01_18\app.js
C:\Users\אמיר\Desktop\Homework_JB\30_01_18\30_01_18\app.js.map
C:\Users\אמיר\Desktop\Homework_JB\30_01_18\30_01_18\bird.js
C:\Users\אמיר\Desktop\Homework_JB\30_01_18\30_01_18\bird.js.map
C:\Users\אמיר\Desktop\Homework_JB\30_01_18\30_01_18\iFly.js
C:\Users\אמיר\Desktop\Homework_JB\30_01_18\30_01_18\iFly.js.map
C:\Users\אמיר\Desktop\Homework_JB\30_01_18\30_01_18\kite.js
C:\Users\אמיר\Desktop\Homework_JB\30_01_18\30_01_18\kite.js.map
C:\Users\אמיר\Desktop\Homework_JB\30_01_18\30_01_18\plane.js
C:\Users\אמיר\Desktop\Homework_JB\30_01_18\30_01_18\plane.js.map
C:\Users\אמיר\Desktop\Homework_JB\30_01_18\30_01_18\app.js
C:\Users\אמיר\Desktop\Homework_JB\30_01_18\30_01_18\app.js.map
C:\Users\אמיר\Desktop\Homework_JB\30_01_18\30_01_18\bird.js
C:\Users\אמיר\Desktop\Homework_JB\30_01_18\30_01_18\bird.js.map
C:\Users\אמיר\Desktop\Homework_JB\30_01_18\30_01_18\iFly.js
C:\Users\אמיר\Desktop\Homework_JB\30_01_18\30_01_18\iFly.js.map
C:\Users\אמיר\Desktop\Homework_JB\30_01_18\30_01_18\kite.js
C:\Users\אמיר\Desktop\Homework_JB\30_01_18\30_01_18\kite.js.map
C:\Users\אמיר\Desktop\Homework_JB\30_01_18\30_01_18\plane.js
C:\Users\אמיר\Desktop\Homework_JB\30_01_18\30_01_18\plane.js.map
C:\Users\אמיר\Desktop\Homework_JB\30_01_18\30_01_18\app.js
C:\Users\אמיר\Desktop\Homework_JB\30_01_18\30_01_18\app.js.map
C:\Users\אמיר\Desktop\Homework_JB\30_01_18\30_01_18\bird.js
C:\Users\אמיר\Desktop\Homework_JB\30_01_18\30_01_18\bird.js.map
C:\Users\אמיר\Desktop\Homework_JB\30_01_18\30_01_18\iFly.js
C:\Users\אמיר\Desktop\Homework_JB\30_01_18\30_01_18\iFly.js.map
C:\Users\אמיר\Desktop\Homework_JB\30_01_18\30_01_18\kite.js
C:\Users\אמיר\Desktop\Homework_JB\30_01_18\30_01_18\kite.js.map
C:\Users\אמיר\Desktop\Homework_JB\30_01_18\30_01_18\plane.js
C:\Users\אמיר\Desktop\Homework_JB\30_01_18\30_01_18\plane.js.map
C:\Users\אמיר\Desktop\Homework_JB\30_01_18\30_01_18\app.js
C:\Users\אמיר\Desktop\Homework_JB\30_01_18\30_01_18\app.js.map
C:\Users\אמיר\Desktop\Homework_JB\30_01_18\30_01_18\bird.js
C:\Users\אמיר\Desktop\Homework_JB\30_01_18\30_01_18\bird.js.map
C:\Users\אמיר\Desktop\Homework_JB\30_01_18\30_01_18\iFly.js
C:\Users\אמיר\Desktop\Homework_JB\30_01_18\30_01_18\iFly.js.map
C:\Users\אמיר\Desktop\Homework_JB\30_01_18\30_01_18\kite.js
C:\Users\אמיר\Desktop\Homework_JB\30_01_18\30_01_18\kite.js.map
C:\Users\אמיר\Desktop\Homework_JB\30_01_18\30_01_18\plane.js
C:\Users\אמיר\Desktop\Homework_JB\30_01_18\30_01_18\plane.js.map
C:\Users\אמיר\Desktop\Homework_JB\30_01_18\30_01_18\app.js
C:\Users\אמיר\Desktop\Homework_JB\30_01_18\30_01_18\app.js.map
C:\Users\אמיר\Desktop\Homework_JB\30_01_18\30_01_18\bird.js
C:\Users\אמיר\Desktop\Homework_JB\30_01_18\30_01_18\bird.js.map
C:\Users\אמיר\Desktop\Homework_JB\30_01_18\30_01_18\iFly.js
C:\Users\אמיר\Desktop\Homework_JB\30_01_18\30_01_18\iFly.js.map
C:\Users\אמיר\Desktop\Homework_JB\30_01_18\30_01_18\kite.js
C:\Users\אמיר\Desktop\Homework_JB\30_01_18\30_01_18\kite.js.map
C:\Users\אמיר\Desktop\Homework_JB\30_01_18\30_01_18\plane.js
C:\Users\אמיר\Desktop\Homework_JB\30_01_18\30_01_18\plane.js.map
C:\Users\אמיר\Desktop\Homework_JB\30_01_18\30_01_18\app.js
C:\Users\אמיר\Desktop\Homework_JB\30_01_18\30_01_18\app.js.map
C:\Users\אמיר\Desktop\Homework_JB\30_01_18\30_01_18\bird.js
C:\Users\אמיר\Desktop\Homework_JB\30_01_18\30_01_18\bird.js.map
C:\Users\אמיר\Desktop\Homework_JB\30_01_18\30_01_18\iFly.js
C:\Users\אמיר\Desktop\Homework_JB\30_01_18\30_01_18\iFly.js.map
C:\Users\אמיר\Desktop\Homework_JB\30_01_18\30_01_18\kite.js
C:\Users\אמיר\Desktop\Homework_JB\30_01_18\30_01_18\kite.js.map
C:\Users\אמיר\Desktop\Homework_JB\30_01_18\30_01_18\plane.js
C:\Users\אמיר\Desktop\Homework_JB\30_01_18\30_01_18\plane.js.map
C:\Users\אמיר\Desktop\Homework_JB\30_01_18\30_01_18\app.js
C:\Users\אמיר\Desktop\Homework_JB\30_01_18\30_01_18\app.js.map
C:\Users\אמיר\Desktop\Homework_JB\30_01_18\30_01_18\bird.js
C:\Users\אמיר\Desktop\Homework_JB\30_01_18\30_01_18\bird.js.map
C:\Users\אמיר\Desktop\Homework_JB\30_01_18\30_01_18\iFly.js
C:\Users\אמיר\Desktop\Homework_JB\30_01_18\30_01_18\iFly.js.map
C:\Users\אמיר\Desktop\Homework_JB\30_01_18\30_01_18\kite.js
C:\Users\אמיר\Desktop\Homework_JB\30_01_18\30_01_18\kite.js.map
C:\Users\אמיר\Desktop\Homework_JB\30_01_18\30_01_18\plane.js
C:\Users\אמיר\Desktop\Homework_JB\30_01_18\30_01_18\plane.js.map
C:\Users\אמיר\Desktop\Homework_JB\30_01_18\30_01_18\app.js
C:\Users\אמיר\Desktop\Homework_JB\30_01_18\30_01_18\app.js.map
C:\Users\אמיר\Desktop\Homework_JB\30_01_18\30_01_18\bird.js
C:\Users\אמיר\Desktop\Homework_JB\30_01_18\30_01_18\bird.js.map
C:\Users\אמיר\Desktop\Homework_JB\30_01_18\30_01_18\iFly.js
C:\Users\אמיר\Desktop\Homework_JB\30_01_18\30_01_18\iFly.js.map
C:\Users\אמיר\Desktop\Homework_JB\30_01_18\30_01_18\kite.js
C:\Users\אמיר\Desktop\Homework_JB\30_01_18\30_01_18\kite.js.map
C:\Users\אמיר\Desktop\Homework_JB\30_01_18\30_01_18\plane.js
C:\Users\אמיר\Desktop\Homework_JB\30_01_18\30_01_18\plane.js.map
